apps/mobile/build/intermediates/manifest_merge_blame_file/debug/processDebugMainManifest/manifest-merger-blame-debug-report.txt
1<?xml version="1.0" encoding="utf-8"?>
2<manifest xmlns:android="http://schemas.android.com/apk/res/android"
3    package="com.samsung.health.hrdatatransfer"
4    android:versionCode="1"
5    android:versionName="1.0" >
6
7    <uses-sdk
8        android:minSdkVersion="30"
9        android:targetSdkVersion="36" />
10
11    <uses-permission
11-->src\main\AndroidManifest.xml:6:5-7:38
12        android:name="android.permission.WRITE_EXTERNAL_STORAGE"
12-->src\main\AndroidManifest.xml:6:22-78
13        android:maxSdkVersion="28" />
13-->src\main\AndroidManifest.xml:7:9-35
14    <uses-permission
14-->src\main\AndroidManifest.xml:8:5-9:38
15        android:name="android.permission.READ_EXTERNAL_STORAGE"
15-->src\main\AndroidManifest.xml:8:22-77
16        android:maxSdkVersion="32" />
16-->src\main\AndroidManifest.xml:9:9-35
17
18    <!-- Music Player Permissions -->
19    <uses-permission android:name="android.permission.FOREGROUND_SERVICE" />
19-->src\main\AndroidManifest.xml:12:5-77
19-->src\main\AndroidManifest.xml:12:22-74
20    <uses-permission android:name="android.permission.FOREGROUND_SERVICE_MEDIA_PLAYBACK" />
20-->src\main\AndroidManifest.xml:13:5-92
20-->src\main\AndroidManifest.xml:13:22-89
21    <uses-permission android:name="android.permission.POST_NOTIFICATIONS" />
21-->src\main\AndroidManifest.xml:14:5-77
21-->src\main\AndroidManifest.xml:14:22-74
22    <uses-permission android:name="android.permission.READ_MEDIA_AUDIO" />
22-->src\main\AndroidManifest.xml:15:5-75
22-->src\main\AndroidManifest.xml:15:22-72
23    <uses-permission android:name="android.permission.SCHEDULE_EXACT_ALARM" />
23-->src\main\AndroidManifest.xml:16:5-79
23-->src\main\AndroidManifest.xml:16:22-76
24    <uses-permission android:name="android.permission.USE_EXACT_ALARM" />
24-->src\main\AndroidManifest.xml:17:5-74
24-->src\main\AndroidManifest.xml:17:22-71
25    <uses-permission android:name="android.permission.WAKE_LOCK" />
25-->src\main\AndroidManifest.xml:18:5-68
25-->src\main\AndroidManifest.xml:18:22-65
26
27    <permission
27-->[androidx.core:core:1.16.0] AndroidManifest.xml:22:5-24:47
28        android:name="com.samsung.health.hrdatatransfer.DYNAMIC_RECEIVER_NOT_EXPORTED_PERMISSION"
28-->[androidx.core:core:1.16.0] AndroidManifest.xml:23:9-81
29        android:protectionLevel="signature" />
29-->[androidx.core:core:1.16.0] AndroidManifest.xml:24:9-44
30
31    <uses-permission android:name="com.samsung.health.hrdatatransfer.DYNAMIC_RECEIVER_NOT_EXPORTED_PERMISSION" />
31-->[androidx.core:core:1.16.0] AndroidManifest.xml:26:5-97
31-->[androidx.core:core:1.16.0] AndroidManifest.xml:26:22-94
32
33    <application
33-->src\main\AndroidManifest.xml:20:5-82:19
34        android:name="com.samsung.health.mobile.MobileApp"
34-->src\main\AndroidManifest.xml:21:9-59
35        android:allowBackup="true"
35-->src\main\AndroidManifest.xml:22:9-35
36        android:appComponentFactory="androidx.core.app.CoreComponentFactory"
36-->[androidx.core:core:1.16.0] AndroidManifest.xml:28:18-86
37        android:debuggable="true"
38        android:extractNativeLibs="false"
39        android:fullBackupOnly="true"
39-->src\main\AndroidManifest.xml:23:9-38
40        android:icon="@drawable/ic_launcher"
40-->src\main\AndroidManifest.xml:24:9-45
41        android:label="@string/app_name"
41-->src\main\AndroidManifest.xml:25:9-41
42        android:testOnly="true" >
43        <service
43-->src\main\AndroidManifest.xml:26:9-42:19
44            android:name="com.samsung.health.mobile.data.DataListenerService"
44-->src\main\AndroidManifest.xml:27:13-78
45            android:exported="true" >
45-->src\main\AndroidManifest.xml:28:13-36
46            <intent-filter>
46-->src\main\AndroidManifest.xml:30:13-41:29
47                <action android:name="com.google.android.gms.wearable.DATA_CHANGED" />
47-->src\main\AndroidManifest.xml:31:17-87
47-->src\main\AndroidManifest.xml:31:25-84
48                <action android:name="com.google.android.gms.wearable.MESSAGE_RECEIVED" />
48-->src\main\AndroidManifest.xml:32:17-91
48-->src\main\AndroidManifest.xml:32:25-88
49                <action android:name="com.google.android.gms.wearable.REQUEST_RECEIVED" />
49-->src\main\AndroidManifest.xml:33:17-91
49-->src\main\AndroidManifest.xml:33:25-88
50                <action android:name="com.google.android.gms.wearable.CAPABILITY_CHANGED" />
50-->src\main\AndroidManifest.xml:34:17-93
50-->src\main\AndroidManifest.xml:34:25-90
51                <action android:name="com.google.android.gms.wearable.CHANNEL_EVENT" />
51-->src\main\AndroidManifest.xml:35:17-88
51-->src\main\AndroidManifest.xml:35:25-85
52
53                <data
53-->src\main\AndroidManifest.xml:37:17-40:45
54                    android:host="*"
54-->src\main\AndroidManifest.xml:38:21-37
55                    android:pathPrefix="/msg"
55-->src\main\AndroidManifest.xml:39:21-46
56                    android:scheme="wear" />
56-->src\main\AndroidManifest.xml:40:21-42
57            </intent-filter>
58        </service>
59
60        <provider
61            android:name="androidx.core.content.FileProvider"
61-->src\main\AndroidManifest.xml:44:13-62
62            android:authorities="com.samsung.health.hrdatatransfer.fileprovider"
62-->src\main\AndroidManifest.xml:45:13-64
63            android:exported="false"
63-->src\main\AndroidManifest.xml:46:13-37
64            android:grantUriPermissions="true" >
64-->src\main\AndroidManifest.xml:47:13-47
65            <meta-data
65-->src\main\AndroidManifest.xml:48:13-50:54
66                android:name="android.support.FILE_PROVIDER_PATHS"
66-->src\main\AndroidManifest.xml:49:17-67
67                android:resource="@xml/file_paths" />
67-->src\main\AndroidManifest.xml:50:17-51
68        </provider>
69
70        <activity
70-->src\main\AndroidManifest.xml:52:9-64:20
71            android:name="com.samsung.health.mobile.presentation.MainActivity"
71-->src\main\AndroidManifest.xml:53:13-79
72            android:configChanges="orientation|keyboardHidden"
72-->src\main\AndroidManifest.xml:54:13-63
73            android:exported="true"
73-->src\main\AndroidManifest.xml:55:13-36
74            android:launchMode="singleTask"
74-->src\main\AndroidManifest.xml:56:13-44
75            android:screenOrientation="portrait"
75-->src\main\AndroidManifest.xml:57:13-49
76            android:theme="@android:style/Theme.Black.NoTitleBar.Fullscreen" >
76-->src\main\AndroidManifest.xml:58:13-77
77            <intent-filter>
77-->src\main\AndroidManifest.xml:60:13-63:29
78                <action android:name="android.intent.action.MAIN" />
78-->src\main\AndroidManifest.xml:61:17-69
78-->src\main\AndroidManifest.xml:61:25-66
79
80                <category android:name="android.intent.category.LAUNCHER" />
80-->src\main\AndroidManifest.xml:62:17-77
80-->src\main\AndroidManifest.xml:62:27-74
81            </intent-filter>
82        </activity>
83
84        <!-- Music Player Service -->
85        <service
85-->src\main\AndroidManifest.xml:67:9-71:61
86            android:name="com.samsung.health.mobile.service.MusicPlayerService"
86-->src\main\AndroidManifest.xml:68:13-80
87            android:enabled="true"
87-->src\main\AndroidManifest.xml:69:13-35
88            android:exported="false"
88-->src\main\AndroidManifest.xml:70:13-37
89            android:foregroundServiceType="mediaPlayback" />
89-->src\main\AndroidManifest.xml:71:13-58
90
91        <!-- Music Schedule Receiver -->
92        <receiver
92-->src\main\AndroidManifest.xml:74:9-81:20
93            android:name="com.samsung.health.mobile.receiver.ScheduleReceiver"
93-->src\main\AndroidManifest.xml:75:13-79
94            android:enabled="true"
94-->src\main\AndroidManifest.xml:76:13-35
95            android:exported="false" >
95-->src\main\AndroidManifest.xml:77:13-37
96            <intent-filter>
96-->src\main\AndroidManifest.xml:78:13-80:29
97                <action android:name="com.samsung.health.mobile.START_MUSIC" />
97-->src\main\AndroidManifest.xml:79:17-80
97-->src\main\AndroidManifest.xml:79:25-77
98            </intent-filter>
99        </receiver>
100
101        <activity
101-->[com.google.android.gms:play-services-base:18.5.0] AndroidManifest.xml:5:9-173
102            android:name="com.google.android.gms.common.api.GoogleApiActivity"
102-->[com.google.android.gms:play-services-base:18.5.0] AndroidManifest.xml:5:19-85
103            android:exported="false"
103-->[com.google.android.gms:play-services-base:18.5.0] AndroidManifest.xml:5:146-170
104            android:theme="@android:style/Theme.Translucent.NoTitleBar" />
104-->[com.google.android.gms:play-services-base:18.5.0] AndroidManifest.xml:5:86-145
105
106        <provider
106-->[androidx.emoji2:emoji2:1.3.0] AndroidManifest.xml:24:9-32:20
107            android:name="androidx.startup.InitializationProvider"
107-->[androidx.emoji2:emoji2:1.3.0] AndroidManifest.xml:25:13-67
108            android:authorities="com.samsung.health.hrdatatransfer.androidx-startup"
108-->[androidx.emoji2:emoji2:1.3.0] AndroidManifest.xml:26:13-68
109            android:exported="false" >
109-->[androidx.emoji2:emoji2:1.3.0] AndroidManifest.xml:27:13-37
110            <meta-data
110-->[androidx.emoji2:emoji2:1.3.0] AndroidManifest.xml:29:13-31:52
111                android:name="androidx.emoji2.text.EmojiCompatInitializer"
111-->[androidx.emoji2:emoji2:1.3.0] AndroidManifest.xml:30:17-75
112                android:value="androidx.startup" />
112-->[androidx.emoji2:emoji2:1.3.0] AndroidManifest.xml:31:17-49
113            <meta-data
113-->[androidx.lifecycle:lifecycle-process:2.8.7] AndroidManifest.xml:29:13-31:52
114                android:name="androidx.lifecycle.ProcessLifecycleInitializer"
114-->[androidx.lifecycle:lifecycle-process:2.8.7] AndroidManifest.xml:30:17-78
115                android:value="androidx.startup" />
115-->[androidx.lifecycle:lifecycle-process:2.8.7] AndroidManifest.xml:31:17-49
116            <meta-data
116-->[androidx.profileinstaller:profileinstaller:1.4.0] AndroidManifest.xml:29:13-31:52
117                android:name="androidx.profileinstaller.ProfileInstallerInitializer"
117-->[androidx.profileinstaller:profileinstaller:1.4.0] AndroidManifest.xml:30:17-85
118                android:value="androidx.startup" />
118-->[androidx.profileinstaller:profileinstaller:1.4.0] AndroidManifest.xml:31:17-49
119        </provider>
120
121        <meta-data
121-->[com.google.android.gms:play-services-basement:18.4.0] AndroidManifest.xml:6:9-122
122            android:name="com.google.android.gms.version"
122-->[com.google.android.gms:play-services-basement:18.4.0] AndroidManifest.xml:6:20-65
123            android:value="@integer/google_play_services_version" />
123-->[com.google.android.gms:play-services-basement:18.4.0] AndroidManifest.xml:6:66-119
124
125        <receiver
125-->[androidx.profileinstaller:profileinstaller:1.4.0] AndroidManifest.xml:34:9-52:20
126            android:name="androidx.profileinstaller.ProfileInstallReceiver"
126-->[androidx.profileinstaller:profileinstaller:1.4.0] AndroidManifest.xml:35:13-76
127            android:directBootAware="false"
127-->[androidx.profileinstaller:profileinstaller:1.4.0] AndroidManifest.xml:36:13-44
128            android:enabled="true"
128-->[androidx.profileinstaller:profileinstaller:1.4.0] AndroidManifest.xml:37:13-35
129            android:exported="true"
129-->[androidx.profileinstaller:profileinstaller:1.4.0] AndroidManifest.xml:38:13-36
130            android:permission="android.permission.DUMP" >
130-->[androidx.profileinstaller:profileinstaller:1.4.0] AndroidManifest.xml:39:13-57
131            <intent-filter>
131-->[androidx.profileinstaller:profileinstaller:1.4.0] AndroidManifest.xml:40:13-42:29
132                <action android:name="androidx.profileinstaller.action.INSTALL_PROFILE" />
132-->[androidx.profileinstaller:profileinstaller:1.4.0] AndroidManifest.xml:41:17-91
132-->[androidx.profileinstaller:profileinstaller:1.4.0] AndroidManifest.xml:41:25-88
133            </intent-filter>
134            <intent-filter>
134-->[androidx.profileinstaller:profileinstaller:1.4.0] AndroidManifest.xml:43:13-45:29
135                <action android:name="androidx.profileinstaller.action.SKIP_FILE" />
135-->[androidx.profileinstaller:profileinstaller:1.4.0] AndroidManifest.xml:44:17-85
135-->[androidx.profileinstaller:profileinstaller:1.4.0] AndroidManifest.xml:44:25-82
136            </intent-filter>
137            <intent-filter>
137-->[androidx.profileinstaller:profileinstaller:1.4.0] AndroidManifest.xml:46:13-48:29
138                <action android:name="androidx.profileinstaller.action.SAVE_PROFILE" />
138-->[androidx.profileinstaller:profileinstaller:1.4.0] AndroidManifest.xml:47:17-88
138-->[androidx.profileinstaller:profileinstaller:1.4.0] AndroidManifest.xml:47:25-85
139            </intent-filter>
140            <intent-filter>
140-->[androidx.profileinstaller:profileinstaller:1.4.0] AndroidManifest.xml:49:13-51:29
141                <action android:name="androidx.profileinstaller.action.BENCHMARK_OPERATION" />
141-->[androidx.profileinstaller:profileinstaller:1.4.0] AndroidManifest.xml:50:17-95
141-->[androidx.profileinstaller:profileinstaller:1.4.0] AndroidManifest.xml:50:25-92
142            </intent-filter>
143        </receiver>
144    </application>
145
146</manifest>